{
  "RSpec": {
    "coverage": {
      "/Users/Guest/Desktop/rather-clone/spec/features/answers_controller_spec.rb": [
        1,
        null,
        1,
        null,
        null
      ],
      "/Users/Guest/Desktop/rather-clone/spec/rails_helper.rb": [
        null,
        1,
        1,
        null,
        1,
        1,
        1,
        1,
        1,
        null,
        null,
        null,
        null,
        null,
        null,
        null,
        null,
        null,
        null,
        null,
        null,
        null,
        null,
        null,
        null,
        null,
        null,
        null,
        1,
        null,
        1,
        null,
        1,
        null,
        null,
        null,
        null,
        null,
        1,
        1,
        null,
        null,
        1,
        20,
        20,
        null,
        null,
        null,
        null,
        null,
        null,
        null,
        null,
        null,
        null,
        null,
        null,
        null,
        null,
        null,
        1,
        null,
        null,
        1,
        null,
        null,
        1,
        null,
        1,
        20,
        null,
        null,
        null,
        1,
        1,
        1,
        1,
        null,
        null
      ],
      "/Users/Guest/Desktop/rather-clone/config/environment.rb": [
        null,
        1,
        null,
        null,
        1
      ],
      "/Users/Guest/Desktop/rather-clone/config/application.rb": [
        1,
        null,
        1,
        null,
        1,
        1,
        1,
        1,
        1,
        1,
        1,
        1,
        null,
        null,
        null,
        null,
        1,
        null,
        1,
        1,
        null,
        null,
        null,
        null,
        null
      ],
      "/Users/Guest/Desktop/rather-clone/config/boot.rb": [
        1,
        null,
        1
      ],
      "/Users/Guest/Desktop/rather-clone/config/environments/test.rb": [
        1,
        null,
        null,
        null,
        null,
        null,
        null,
        1,
        null,
        null,
        null,
        null,
        1,
        null,
        null,
        1,
        1,
        null,
        null,
        null,
        null,
        1,
        1,
        null,
        null,
        1,
        null,
        null,
        1,
        1,
        null,
        null,
        null,
        null,
        1,
        null,
        null,
        1,
        null,
        null,
        null,
        null
      ],
      "/Users/Guest/Desktop/rather-clone/config/initializers/application_controller_renderer.rb": [
        null,
        null,
        null,
        null,
        null,
        null
      ],
      "/Users/Guest/Desktop/rather-clone/config/initializers/assets.rb": [
        null,
        null,
        null,
        1,
        null,
        null,
        null,
        null,
        null,
        null,
        null
      ],
      "/Users/Guest/Desktop/rather-clone/config/initializers/backtrace_silencers.rb": [
        null,
        null,
        null,
        null,
        null,
        null,
        null
      ],
      "/Users/Guest/Desktop/rather-clone/config/initializers/cookies_serializer.rb": [
        null,
        null,
        null,
        null,
        1
      ],
      "/Users/Guest/Desktop/rather-clone/config/initializers/devise.rb": [
        null,
        null,
        1,
        null,
        null,
        null,
        null,
        null,
        null,
        null,
        null,
        null,
        null,
        null,
        1,
        null,
        null,
        null,
        null,
        null,
        null,
        null,
        null,
        null,
        null,
        null,
        1,
        null,
        null,
        null,
        null,
        null,
        null,
        null,
        null,
        null,
        null,
        null,
        null,
        null,
        null,
        null,
        null,
        null,
        null,
        null,
        null,
        null,
        1,
        null,
        null,
        null,
        null,
        1,
        null,
        null,
        null,
        null,
        null,
        null,
        null,
        null,
        null,
        null,
        null,
        null,
        null,
        null,
        null,
        null,
        null,
        null,
        null,
        null,
        null,
        null,
        null,
        null,
        null,
        null,
        null,
        null,
        null,
        null,
        1,
        null,
        null,
        null,
        null,
        null,
        null,
        null,
        null,
        null,
        null,
        null,
        null,
        null,
        null,
        null,
        null,
        null,
        null,
        null,
        null,
        null,
        null,
        1,
        null,
        null,
        null,
        null,
        null,
        null,
        null,
        null,
        null,
        null,
        null,
        null,
        null,
        null,
        null,
        null,
        null,
        null,
        null,
        null,
        null,
        null,
        null,
        null,
        null,
        null,
        null,
        1,
        null,
        null,
        null,
        null,
        null,
        null,
        null,
        null,
        null,
        1,
        null,
        null,
        null,
        null,
        null,
        null,
        null,
        null,
        null,
        null,
        1,
        null,
        null,
        null,
        null,
        1,
        null,
        null,
        null,
        null,
        null,
        null,
        null,
        null,
        null,
        null,
        null,
        null,
        null,
        null,
        null,
        null,
        null,
        null,
        null,
        null,
        null,
        null,
        null,
        null,
        null,
        null,
        null,
        null,
        null,
        null,
        null,
        null,
        null,
        null,
        null,
        null,
        null,
        null,
        null,
        null,
        1,
        null,
        null,
        null,
        null,
        null,
        null,
        null,
        null,
        null,
        null,
        null,
        null,
        null,
        null,
        null,
        null,
        null,
        null,
        null,
        1,
        null,
        null,
        null,
        null,
        null,
        null,
        null,
        null,
        null,
        null,
        null,
        null,
        null,
        null,
        null,
        null,
        null,
        null,
        null,
        null,
        null,
        1,
        null,
        null,
        null,
        null,
        null,
        null,
        null,
        null,
        null,
        null,
        null,
        null,
        null,
        null,
        null,
        null,
        null,
        null,
        null,
        null,
        null,
        null,
        null,
        null,
        null,
        null,
        null,
        null,
        null
      ],
      "/Users/Guest/Desktop/rather-clone/config/initializers/filter_parameter_logging.rb": [
        null,
        null,
        null,
        1
      ],
      "/Users/Guest/Desktop/rather-clone/config/initializers/inflections.rb": [
        null,
        null,
        null,
        null,
        null,
        null,
        null,
        null,
        null,
        null,
        null,
        null,
        null,
        null,
        null,
        null
      ],
      "/Users/Guest/Desktop/rather-clone/config/initializers/mime_types.rb": [
        null,
        null,
        null,
        null
      ],
      "/Users/Guest/Desktop/rather-clone/config/initializers/new_framework_defaults.rb": [
        null,
        null,
        null,
        null,
        null,
        null,
        null,
        1,
        null,
        null,
        1,
        null,
        null,
        null,
        1,
        null,
        null,
        1,
        null,
        null,
        1,
        null,
        null,
        1
      ],
      "/Users/Guest/Desktop/rather-clone/config/initializers/session_store.rb": [
        null,
        null,
        1
      ],
      "/Users/Guest/Desktop/rather-clone/config/initializers/wrap_parameters.rb": [
        null,
        null,
        null,
        null,
        null,
        null,
        1,
        2,
        null,
        null,
        null,
        null,
        null,
        null
      ],
      "/Users/Guest/Desktop/rather-clone/config/routes.rb": [
        1,
        1,
        null,
        1,
        null,
        1,
        1,
        1,
        null,
        null,
        null,
        1,
        null
      ],
      "/Users/Guest/Desktop/rather-clone/app/models/user.rb": [
        1,
        null,
        null,
        1,
        null,
        1,
        null
      ],
      "/Users/Guest/Desktop/rather-clone/app/models/application_record.rb": [
        1,
        1,
        null
      ],
      "/Users/Guest/Desktop/rather-clone/app/controllers/application_controller.rb": [
        1,
        1,
        null
      ],
      "/Users/Guest/Desktop/rather-clone/app/helpers/application_helper.rb": [
        1,
        null
      ],
      "/Users/Guest/Desktop/rather-clone/app/helpers/answers_helper.rb": [
        1,
        null
      ],
      "/Users/Guest/Desktop/rather-clone/app/helpers/profiles_helper.rb": [
        1,
        null
      ],
      "/Users/Guest/Desktop/rather-clone/app/helpers/questions_helper.rb": [
        1,
        null
      ],
      "/Users/Guest/Desktop/rather-clone/app/helpers/questions_answers_helper.rb": [
        1,
        null
      ],
      "/Users/Guest/Desktop/rather-clone/app/helpers/votes_helper.rb": [
        1,
        null
      ],
      "/Users/Guest/Desktop/rather-clone/app/channels/application_cable/channel.rb": [
        1,
        1,
        null,
        null
      ],
      "/Users/Guest/Desktop/rather-clone/app/channels/application_cable/connection.rb": [
        1,
        1,
        null,
        null
      ],
      "/Users/Guest/Desktop/rather-clone/app/controllers/answers_controller.rb": [
        1,
        null
      ],
      "/Users/Guest/Desktop/rather-clone/app/controllers/profiles_controller.rb": [
        1,
        1,
        null,
        1,
        2,
        2,
        1,
        null,
        1,
        1,
        null,
        null,
        null,
        1,
        2,
        null,
        null,
        1,
        2,
        2,
        2,
        1,
        1,
        null,
        1,
        1,
        null,
        null,
        null,
        1,
        1,
        2,
        null,
        null
      ],
      "/Users/Guest/Desktop/rather-clone/app/controllers/questions_answers_controller.rb": [
        1,
        null
      ],
      "/Users/Guest/Desktop/rather-clone/app/controllers/questions_controller.rb": [
        1,
        1,
        1,
        6,
        6,
        null,
        null,
        null,
        null,
        null,
        null,
        1,
        null,
        2,
        2,
        null,
        null,
        null,
        null,
        null,
        2,
        1,
        1,
        1,
        1,
        null,
        null,
        null,
        1,
        1,
        1,
        1,
        1,
        null,
        null,
        null,
        null,
        null,
        1,
        null,
        1,
        4,
        null,
        null
      ],
      "/Users/Guest/Desktop/rather-clone/app/controllers/votes_controller.rb": [
        1,
        null,
        1,
        1,
        1,
        1,
        1,
        1,
        1,
        1,
        2,
        1,
        null,
        null,
        null,
        null,
        null
      ],
      "/Users/Guest/Desktop/rather-clone/app/jobs/application_job.rb": [
        1,
        null
      ],
      "/Users/Guest/Desktop/rather-clone/app/mailers/application_mailer.rb": [
        1,
        1,
        1,
        null
      ],
      "/Users/Guest/Desktop/rather-clone/app/models/answer.rb": [
        1,
        1,
        1,
        1,
        1,
        null
      ],
      "/Users/Guest/Desktop/rather-clone/app/models/profile.rb": [
        1,
        1,
        1,
        1,
        1,
        1,
        1,
        null
      ],
      "/Users/Guest/Desktop/rather-clone/app/models/question.rb": [
        1,
        1,
        1,
        1,
        null
      ],
      "/Users/Guest/Desktop/rather-clone/app/models/questions_answer.rb": [
        1,
        1,
        1,
        null
      ],
      "/Users/Guest/Desktop/rather-clone/app/models/vote.rb": [
        1,
        1,
        1,
        null
      ],
      "/Users/Guest/Desktop/rather-clone/spec/factories/answers.rb": [
        1,
        1,
        1,
        null,
        null
      ],
      "/Users/Guest/Desktop/rather-clone/spec/factories/profiles.rb": [
        1,
        1,
        1,
        1,
        1,
        null,
        1,
        null,
        null
      ],
      "/Users/Guest/Desktop/rather-clone/spec/factories/questions.rb": [
        1,
        1,
        null,
        null,
        null
      ],
      "/Users/Guest/Desktop/rather-clone/spec/factories/questions_answers.rb": [
        1,
        1,
        null,
        null,
        null
      ],
      "/Users/Guest/Desktop/rather-clone/spec/factories/users.rb": [
        1,
        1,
        1,
        1,
        null,
        null
      ],
      "/Users/Guest/Desktop/rather-clone/spec/factories/votes.rb": [
        1,
        1,
        null,
        null,
        null
      ],
      "/Users/Guest/Desktop/rather-clone/spec/features/profiles_controller_spec.rb": [
        1,
        null,
        1,
        1,
        1,
        1,
        1,
        1,
        1,
        1,
        1,
        1,
        1,
        null,
        null,
        1,
        1,
        1,
        1,
        1,
        1,
        1,
        1,
        1,
        null,
        null,
        null,
        1,
        1,
        1,
        1,
        null,
        1,
        1,
        null,
        1,
        1,
        null,
        null,
        null
      ],
      "/Users/Guest/Desktop/rather-clone/spec/features/questions_answers_controller_spec.rb": [
        1,
        null,
        1,
        null,
        null
      ],
      "/Users/Guest/Desktop/rather-clone/spec/features/questions_controller_spec.rb": [
        1,
        null,
        1,
        1,
        1,
        1,
        null,
        null,
        null,
        null,
        null,
        1,
        1,
        1,
        1,
        1,
        1,
        1,
        1,
        null,
        null,
        1,
        1,
        1,
        null,
        null,
        null,
        null,
        null,
        1,
        1,
        1,
        1,
        1,
        1,
        1,
        null,
        null
      ],
      "/Users/Guest/Desktop/rather-clone/spec/features/votes_controller_spec.rb": [
        1,
        null,
        1,
        1,
        1,
        1,
        1,
        1,
        1,
        1,
        1,
        null,
        1,
        1,
        1,
        null,
        1,
        null,
        null,
        1,
        null,
        null,
        null
      ],
      "/Users/Guest/Desktop/rather-clone/spec/models/answer_spec.rb": [
        1,
        null,
        1,
        2,
        2,
        2,
        null
      ],
      "/Users/Guest/Desktop/rather-clone/spec/models/profile_spec.rb": [
        1,
        null,
        1,
        2,
        2,
        2,
        null
      ],
      "/Users/Guest/Desktop/rather-clone/spec/models/question_spec.rb": [
        1,
        null,
        1,
        2,
        2,
        null
      ],
      "/Users/Guest/Desktop/rather-clone/spec/models/questions_answer_spec.rb": [
        1,
        null,
        1,
        2,
        2,
        null
      ],
      "/Users/Guest/Desktop/rather-clone/spec/models/user_spec.rb": [
        1,
        null,
        1,
        2,
        null
      ],
      "/Users/Guest/Desktop/rather-clone/spec/models/vote_spec.rb": [
        1,
        null,
        1,
        2,
        2,
        null
      ]
    },
    "timestamp": 1474410587
  }
}
